<?xml version="1.0" encoding="UTF-8"?>
<testng-results skipped="0" failed="0" ignored="0" total="1" passed="1">
  <reporter-output>
  </reporter-output>
  <suite name="Default suite" duration-ms="23164" started-at="2019-08-21T06:24:53Z" finished-at="2019-08-21T06:25:16Z">
    <groups>
    </groups>
    <test name="Default test" duration-ms="23164" started-at="2019-08-21T06:24:53Z" finished-at="2019-08-21T06:25:16Z">
      <class name="Practice.ExamplePros">
        <test-method status="PASS" signature="start()[pri:0, instance:Practice.ExamplePros@52f759d7]" name="start" is-config="true" duration-ms="15029" started-at="2019-08-21T06:24:53Z" finished-at="2019-08-21T06:25:08Z">
          <reporter-output>
          </reporter-output>
        </test-method> <!-- start -->
        <test-method status="PASS" signature="launch()[pri:0, instance:Practice.ExamplePros@52f759d7]" name="launch" duration-ms="6599" started-at="2019-08-21T06:25:08Z" finished-at="2019-08-21T06:25:15Z">
          <reporter-output>
          </reporter-output>
        </test-method> <!-- launch -->
        <test-method status="PASS" signature="stop()[pri:0, instance:Practice.ExamplePros@52f759d7]" name="stop" is-config="true" duration-ms="1501" started-at="2019-08-21T06:25:15Z" finished-at="2019-08-21T06:25:16Z">
          <reporter-output>
          </reporter-output>
        </test-method> <!-- stop -->
      </class> <!-- Practice.ExamplePros -->
    </test> <!-- Default test -->
  </suite> <!-- Default suite -->
</testng-results>
